{"C:\\Users\\diego\\Documents\\Programacion\\JavaScript\\ejercicios JS (Practica solo)\\test-para-ejercicios\\ejercicio2\\ejercicio2.js": {"path":"C:\\Users\\diego\\Documents\\Programacion\\JavaScript\\ejercicios JS (Practica solo)\\test-para-ejercicios\\ejercicio2\\ejercicio2.js","all":false,"statementMap":{"0":{"start":{"line":1,"column":0},"end":{"line":1,"column":29}},"1":{"start":{"line":2,"column":0},"end":{"line":2,"column":28}},"2":{"start":{"line":3,"column":0},"end":{"line":3,"column":20}},"3":{"start":{"line":4,"column":0},"end":{"line":4,"column":30}},"4":{"start":{"line":5,"column":0},"end":{"line":5,"column":20}},"5":{"start":{"line":6,"column":0},"end":{"line":6,"column":29}},"6":{"start":{"line":7,"column":0},"end":{"line":7,"column":34}},"7":{"start":{"line":8,"column":0},"end":{"line":8,"column":38}},"8":{"start":{"line":9,"column":0},"end":{"line":9,"column":50}},"9":{"start":{"line":10,"column":0},"end":{"line":10,"column":0}},"10":{"start":{"line":11,"column":0},"end":{"line":11,"column":0}},"11":{"start":{"line":12,"column":0},"end":{"line":12,"column":24}},"12":{"start":{"line":13,"column":0},"end":{"line":13,"column":0}},"13":{"start":{"line":14,"column":0},"end":{"line":14,"column":24}},"14":{"start":{"line":15,"column":0},"end":{"line":15,"column":54}},"15":{"start":{"line":16,"column":0},"end":{"line":16,"column":10}},"16":{"start":{"line":17,"column":0},"end":{"line":17,"column":57}},"17":{"start":{"line":18,"column":0},"end":{"line":18,"column":5}},"18":{"start":{"line":19,"column":0},"end":{"line":19,"column":1}},"19":{"start":{"line":20,"column":0},"end":{"line":20,"column":0}},"20":{"start":{"line":21,"column":0},"end":{"line":21,"column":46}},"21":{"start":{"line":22,"column":0},"end":{"line":22,"column":28}}},"s":{"0":1,"1":2,"2":2,"3":2,"4":2,"5":2,"6":2,"7":2,"8":2,"9":2,"10":2,"11":2,"12":2,"13":2,"14":1,"15":1,"16":1,"17":1,"18":2,"19":1,"20":1,"21":1},"branchMap":{"0":{"type":"branch","line":1,"loc":{"start":{"line":1,"column":19},"end":{"line":19,"column":1}},"locations":[{"start":{"line":1,"column":19},"end":{"line":19,"column":1}}]},"1":{"type":"branch","line":14,"loc":{"start":{"line":14,"column":23},"end":{"line":18,"column":5}},"locations":[{"start":{"line":14,"column":23},"end":{"line":18,"column":5}}]}},"b":{"0":[2],"1":[1]},"fnMap":{"0":{"name":"palindromo","decl":{"start":{"line":1,"column":19},"end":{"line":19,"column":1}},"loc":{"start":{"line":1,"column":19},"end":{"line":19,"column":1}},"line":1}},"f":{"0":2}}
,"C:\\Users\\diego\\Documents\\Programacion\\JavaScript\\ejercicios JS (Practica solo)\\test-para-ejercicios\\ejercicio3\\ejercicio3.js": {"path":"C:\\Users\\diego\\Documents\\Programacion\\JavaScript\\ejercicios JS (Practica solo)\\test-para-ejercicios\\ejercicio3\\ejercicio3.js","all":false,"statementMap":{"0":{"start":{"line":1,"column":0},"end":{"line":1,"column":33}},"1":{"start":{"line":2,"column":0},"end":{"line":2,"column":32}},"2":{"start":{"line":3,"column":0},"end":{"line":3,"column":20}},"3":{"start":{"line":4,"column":0},"end":{"line":4,"column":29}},"4":{"start":{"line":5,"column":0},"end":{"line":5,"column":0}},"5":{"start":{"line":6,"column":0},"end":{"line":6,"column":0}},"6":{"start":{"line":7,"column":0},"end":{"line":7,"column":28}},"7":{"start":{"line":8,"column":0},"end":{"line":8,"column":35}},"8":{"start":{"line":9,"column":0},"end":{"line":9,"column":26}},"9":{"start":{"line":10,"column":0},"end":{"line":10,"column":22}},"10":{"start":{"line":11,"column":0},"end":{"line":11,"column":9}},"11":{"start":{"line":12,"column":0},"end":{"line":12,"column":5}},"12":{"start":{"line":13,"column":0},"end":{"line":13,"column":18}},"13":{"start":{"line":14,"column":0},"end":{"line":14,"column":1}},"14":{"start":{"line":15,"column":0},"end":{"line":15,"column":82}},"15":{"start":{"line":16,"column":0},"end":{"line":16,"column":26}}},"s":{"0":1,"1":1,"2":1,"3":1,"4":1,"5":1,"6":1,"7":8,"8":8,"9":2,"10":2,"11":8,"12":1,"13":1,"14":1,"15":1},"branchMap":{"0":{"type":"branch","line":1,"loc":{"start":{"line":1,"column":17},"end":{"line":14,"column":1}},"locations":[{"start":{"line":1,"column":17},"end":{"line":14,"column":1}}]},"1":{"type":"branch","line":7,"loc":{"start":{"line":7,"column":27},"end":{"line":12,"column":5}},"locations":[{"start":{"line":7,"column":27},"end":{"line":12,"column":5}}]},"2":{"type":"branch","line":9,"loc":{"start":{"line":9,"column":25},"end":{"line":11,"column":9}},"locations":[{"start":{"line":9,"column":25},"end":{"line":11,"column":9}}]}},"b":{"0":[1],"1":[8],"2":[2]},"fnMap":{"0":{"name":"findWord","decl":{"start":{"line":1,"column":17},"end":{"line":14,"column":1}},"loc":{"start":{"line":1,"column":17},"end":{"line":14,"column":1}},"line":1}},"f":{"0":1}}
,"C:\\Users\\diego\\Documents\\Programacion\\JavaScript\\ejercicios JS (Practica solo)\\test-para-ejercicios\\ejercicio4\\ejercicio4.js": {"path":"C:\\Users\\diego\\Documents\\Programacion\\JavaScript\\ejercicios JS (Practica solo)\\test-para-ejercicios\\ejercicio4\\ejercicio4.js","all":false,"statementMap":{"0":{"start":{"line":1,"column":0},"end":{"line":1,"column":28}},"1":{"start":{"line":2,"column":0},"end":{"line":2,"column":30}},"2":{"start":{"line":3,"column":0},"end":{"line":3,"column":28}},"3":{"start":{"line":4,"column":0},"end":{"line":4,"column":23}},"4":{"start":{"line":5,"column":0},"end":{"line":5,"column":0}},"5":{"start":{"line":6,"column":0},"end":{"line":6,"column":0}},"6":{"start":{"line":7,"column":0},"end":{"line":7,"column":24}},"7":{"start":{"line":8,"column":0},"end":{"line":8,"column":43}},"8":{"start":{"line":9,"column":0},"end":{"line":9,"column":1}},"9":{"start":{"line":10,"column":0},"end":{"line":10,"column":27}},"10":{"start":{"line":11,"column":0},"end":{"line":11,"column":21}},"11":{"start":{"line":12,"column":0},"end":{"line":12,"column":1}},"12":{"start":{"line":13,"column":0},"end":{"line":13,"column":0}},"13":{"start":{"line":14,"column":0},"end":{"line":14,"column":57}},"14":{"start":{"line":15,"column":0},"end":{"line":15,"column":0}},"15":{"start":{"line":16,"column":0},"end":{"line":16,"column":29}}},"s":{"0":1,"1":1,"2":1,"3":1,"4":1,"5":1,"6":1,"7":26,"8":26,"9":1,"10":1,"11":1,"12":1,"13":1,"14":1,"15":1},"branchMap":{"0":{"type":"branch","line":1,"loc":{"start":{"line":1,"column":20},"end":{"line":12,"column":1}},"locations":[{"start":{"line":1,"column":20},"end":{"line":12,"column":1}}]},"1":{"type":"branch","line":7,"loc":{"start":{"line":7,"column":22},"end":{"line":9,"column":1}},"locations":[{"start":{"line":7,"column":22},"end":{"line":9,"column":1}}]}},"b":{"0":[1],"1":[26]},"fnMap":{"0":{"name":"reverseWord","decl":{"start":{"line":1,"column":20},"end":{"line":12,"column":1}},"loc":{"start":{"line":1,"column":20},"end":{"line":12,"column":1}},"line":1}},"f":{"0":1}}
,"C:\\Users\\diego\\Documents\\Programacion\\JavaScript\\ejercicios JS (Practica solo)\\test-para-ejercicios\\ejercicio5\\ejercicio5.js": {"path":"C:\\Users\\diego\\Documents\\Programacion\\JavaScript\\ejercicios JS (Practica solo)\\test-para-ejercicios\\ejercicio5\\ejercicio5.js","all":false,"statementMap":{"0":{"start":{"line":1,"column":0},"end":{"line":1,"column":40}},"1":{"start":{"line":2,"column":0},"end":{"line":2,"column":45}},"2":{"start":{"line":3,"column":0},"end":{"line":3,"column":66}},"3":{"start":{"line":4,"column":0},"end":{"line":4,"column":0}},"4":{"start":{"line":5,"column":0},"end":{"line":5,"column":4}},"5":{"start":{"line":6,"column":0},"end":{"line":6,"column":1}},"6":{"start":{"line":7,"column":0},"end":{"line":7,"column":0}},"7":{"start":{"line":8,"column":0},"end":{"line":8,"column":28}}},"s":{"0":1,"1":1,"2":1,"3":1,"4":1,"5":1,"6":1,"7":1},"branchMap":{"0":{"type":"branch","line":1,"loc":{"start":{"line":1,"column":19},"end":{"line":6,"column":1}},"locations":[{"start":{"line":1,"column":19},"end":{"line":6,"column":1}}]}},"b":{"0":[1]},"fnMap":{"0":{"name":"porcentage","decl":{"start":{"line":1,"column":19},"end":{"line":6,"column":1}},"loc":{"start":{"line":1,"column":19},"end":{"line":6,"column":1}},"line":1}},"f":{"0":1}}
,"C:\\Users\\diego\\Documents\\Programacion\\JavaScript\\ejercicios JS (Practica solo)\\test-para-ejercicios\\ejercicio7\\ejercicio7.js": {"path":"C:\\Users\\diego\\Documents\\Programacion\\JavaScript\\ejercicios JS (Practica solo)\\test-para-ejercicios\\ejercicio7\\ejercicio7.js","all":false,"statementMap":{"0":{"start":{"line":1,"column":0},"end":{"line":1,"column":21}},"1":{"start":{"line":2,"column":0},"end":{"line":2,"column":21}},"2":{"start":{"line":3,"column":0},"end":{"line":3,"column":30}},"3":{"start":{"line":4,"column":0},"end":{"line":4,"column":24}},"4":{"start":{"line":5,"column":0},"end":{"line":5,"column":23}},"5":{"start":{"line":6,"column":0},"end":{"line":6,"column":9}},"6":{"start":{"line":7,"column":0},"end":{"line":7,"column":7}},"7":{"start":{"line":8,"column":0},"end":{"line":8,"column":5}},"8":{"start":{"line":9,"column":0},"end":{"line":9,"column":27}},"9":{"start":{"line":10,"column":0},"end":{"line":10,"column":20}},"10":{"start":{"line":11,"column":0},"end":{"line":11,"column":1}},"11":{"start":{"line":12,"column":0},"end":{"line":12,"column":25}},"12":{"start":{"line":13,"column":0},"end":{"line":13,"column":0}},"13":{"start":{"line":14,"column":0},"end":{"line":14,"column":21}}},"s":{"0":1,"1":1,"2":1,"3":99,"4":50,"5":50,"6":99,"7":99,"8":1,"9":1,"10":1,"11":1,"12":1,"13":1},"branchMap":{"0":{"type":"branch","line":1,"loc":{"start":{"line":1,"column":12},"end":{"line":11,"column":1}},"locations":[{"start":{"line":1,"column":12},"end":{"line":11,"column":1}}]},"1":{"type":"branch","line":3,"loc":{"start":{"line":3,"column":29},"end":{"line":8,"column":5}},"locations":[{"start":{"line":3,"column":29},"end":{"line":8,"column":5}}]},"2":{"type":"branch","line":4,"loc":{"start":{"line":4,"column":23},"end":{"line":6,"column":9}},"locations":[{"start":{"line":4,"column":23},"end":{"line":6,"column":9}}]}},"b":{"0":[1],"1":[99],"2":[50]},"fnMap":{"0":{"name":"odd","decl":{"start":{"line":1,"column":12},"end":{"line":11,"column":1}},"loc":{"start":{"line":1,"column":12},"end":{"line":11,"column":1}},"line":1}},"f":{"0":1}}
,"C:\\Users\\diego\\Documents\\Programacion\\JavaScript\\ejercicios JS (Practica solo)\\test-para-ejercicios\\ejercicio8\\ejercicio8.js": {"path":"C:\\Users\\diego\\Documents\\Programacion\\JavaScript\\ejercicios JS (Practica solo)\\test-para-ejercicios\\ejercicio8\\ejercicio8.js","all":false,"statementMap":{"0":{"start":{"line":1,"column":0},"end":{"line":1,"column":35}},"1":{"start":{"line":2,"column":0},"end":{"line":2,"column":65}},"2":{"start":{"line":3,"column":0},"end":{"line":3,"column":35}},"3":{"start":{"line":4,"column":0},"end":{"line":4,"column":17}},"4":{"start":{"line":5,"column":0},"end":{"line":5,"column":1}},"5":{"start":{"line":6,"column":0},"end":{"line":6,"column":31}},"6":{"start":{"line":7,"column":0},"end":{"line":7,"column":0}},"7":{"start":{"line":8,"column":0},"end":{"line":8,"column":31}}},"s":{"0":1,"1":2,"2":2,"3":2,"4":2,"5":1,"6":1,"7":1},"branchMap":{"0":{"type":"branch","line":1,"loc":{"start":{"line":1,"column":23},"end":{"line":5,"column":1}},"locations":[{"start":{"line":1,"column":23},"end":{"line":5,"column":1}}]}},"b":{"0":[2]},"fnMap":{"0":{"name":"numberReverse","decl":{"start":{"line":1,"column":23},"end":{"line":5,"column":1}},"loc":{"start":{"line":1,"column":23},"end":{"line":5,"column":1}},"line":1}},"f":{"0":2}}
,"C:\\Users\\diego\\Documents\\Programacion\\JavaScript\\ejercicios JS (Practica solo)\\test-para-ejercicios\\ejercicio9\\ejercicio9.js": {"path":"C:\\Users\\diego\\Documents\\Programacion\\JavaScript\\ejercicios JS (Practica solo)\\test-para-ejercicios\\ejercicio9\\ejercicio9.js","all":false,"statementMap":{"0":{"start":{"line":1,"column":0},"end":{"line":1,"column":40}},"1":{"start":{"line":2,"column":0},"end":{"line":2,"column":0}},"2":{"start":{"line":3,"column":0},"end":{"line":3,"column":48}},"3":{"start":{"line":4,"column":0},"end":{"line":4,"column":39}},"4":{"start":{"line":5,"column":0},"end":{"line":5,"column":7}},"5":{"start":{"line":6,"column":0},"end":{"line":6,"column":0}},"6":{"start":{"line":7,"column":0},"end":{"line":7,"column":20}},"7":{"start":{"line":8,"column":0},"end":{"line":8,"column":4}},"8":{"start":{"line":9,"column":0},"end":{"line":9,"column":0}},"9":{"start":{"line":10,"column":0},"end":{"line":10,"column":1}},"10":{"start":{"line":11,"column":0},"end":{"line":11,"column":81}},"11":{"start":{"line":12,"column":0},"end":{"line":12,"column":0}},"12":{"start":{"line":13,"column":0},"end":{"line":13,"column":28}}},"s":{"0":1,"1":1,"2":1,"3":7,"4":7,"5":1,"6":1,"7":1,"8":1,"9":1,"10":1,"11":1,"12":1},"branchMap":{"0":{"type":"branch","line":1,"loc":{"start":{"line":1,"column":19},"end":{"line":10,"column":1}},"locations":[{"start":{"line":1,"column":19},"end":{"line":10,"column":1}}]},"1":{"type":"branch","line":3,"loc":{"start":{"line":3,"column":36},"end":{"line":5,"column":7}},"locations":[{"start":{"line":3,"column":36},"end":{"line":5,"column":7}}]}},"b":{"0":[1],"1":[7]},"fnMap":{"0":{"name":"arrayMatch","decl":{"start":{"line":1,"column":19},"end":{"line":10,"column":1}},"loc":{"start":{"line":1,"column":19},"end":{"line":10,"column":1}},"line":1}},"f":{"0":1}}
}
