TN:
SF:ejercicio2\ejercicio2.js
FN:1,palindromo
FNF:1
FNH:1
FNDA:2,palindromo
DA:1,1
DA:2,2
DA:3,2
DA:4,2
DA:5,2
DA:6,2
DA:7,2
DA:8,2
DA:9,2
DA:10,2
DA:11,2
DA:12,2
DA:13,2
DA:14,2
DA:15,1
DA:16,1
DA:17,1
DA:18,1
DA:19,2
DA:20,1
DA:21,1
DA:22,1
LF:22
LH:22
BRDA:1,0,0,2
BRDA:14,1,0,1
BRF:2
BRH:2
end_of_record
TN:
SF:ejercicio3\ejercicio3.js
FN:1,findWord
FNF:1
FNH:1
FNDA:1,findWord
DA:1,1
DA:2,1
DA:3,1
DA:4,1
DA:5,1
DA:6,1
DA:7,1
DA:8,8
DA:9,8
DA:10,2
DA:11,2
DA:12,8
DA:13,1
DA:14,1
DA:15,1
DA:16,1
LF:16
LH:16
BRDA:1,0,0,1
BRDA:7,1,0,8
BRDA:9,2,0,2
BRF:3
BRH:3
end_of_record
TN:
SF:ejercicio4\ejercicio4.js
FN:1,reverseWord
FNF:1
FNH:1
FNDA:1,reverseWord
DA:1,1
DA:2,1
DA:3,1
DA:4,1
DA:5,1
DA:6,1
DA:7,1
DA:8,26
DA:9,26
DA:10,1
DA:11,1
DA:12,1
DA:13,1
DA:14,1
DA:15,1
DA:16,1
LF:16
LH:16
BRDA:1,0,0,1
BRDA:7,1,0,26
BRF:2
BRH:2
end_of_record
TN:
SF:ejercicio5\ejercicio5.js
FN:1,porcentage
FNF:1
FNH:1
FNDA:1,porcentage
DA:1,1
DA:2,1
DA:3,1
DA:4,1
DA:5,1
DA:6,1
DA:7,1
DA:8,1
LF:8
LH:8
BRDA:1,0,0,1
BRF:1
BRH:1
end_of_record
TN:
SF:ejercicio7\ejercicio7.js
FN:1,odd
FNF:1
FNH:1
FNDA:1,odd
DA:1,1
DA:2,1
DA:3,1
DA:4,99
DA:5,50
DA:6,50
DA:7,99
DA:8,99
DA:9,1
DA:10,1
DA:11,1
DA:12,1
DA:13,1
DA:14,1
LF:14
LH:14
BRDA:1,0,0,1
BRDA:3,1,0,99
BRDA:4,2,0,50
BRF:3
BRH:3
end_of_record
TN:
SF:ejercicio8\ejercicio8.js
FN:1,numberReverse
FNF:1
FNH:1
FNDA:2,numberReverse
DA:1,1
DA:2,2
DA:3,2
DA:4,2
DA:5,2
DA:6,1
DA:7,1
DA:8,1
LF:8
LH:8
BRDA:1,0,0,2
BRF:1
BRH:1
end_of_record
TN:
SF:ejercicio9\ejercicio9.js
FN:1,arrayMatch
FNF:1
FNH:1
FNDA:1,arrayMatch
DA:1,1
DA:2,1
DA:3,1
DA:4,7
DA:5,7
DA:6,1
DA:7,1
DA:8,1
DA:9,1
DA:10,1
DA:11,1
DA:12,1
DA:13,1
LF:13
LH:13
BRDA:1,0,0,1
BRDA:3,1,0,7
BRF:2
BRH:2
end_of_record
